<?xml version="1.0" encoding="UTF-8"?>
<!-- Generated by org.testng.reporters.JUnitXMLReporter -->
<testsuite hostname="DESKTOP-FI3IG5E" name="Command line test" tests="3" failures="0" timestamp="5 Sep 2017 01:41:04 GMT" time="0.02" errors="0">
  <testcase name="FlightBooking" time="0.001" classname="Banking.AppTest"/>
  <testcase name="FlightCancel" time="0.0" classname="Banking.AppTest"/>
  <testcase name="OpeningBrowser" time="0.0" classname="Banking.AppTest"/>
</testsuite> <!-- Command line test -->
