<?xml version="1.0" encoding="UTF-8"?>
<!-- Generated by org.testng.reporters.JUnitXMLReporter -->
<testsuite hostname="DESKTOP-FI3IG5E" name="Smoke Testcases" tests="13" failures="0" timestamp="5 Sep 2017 01:56:15 GMT" time="0.042" errors="0">
  <testcase name="software" time="0.001" classname="testngFiles.Annot2"/>
  <testcase name="software" time="0.0" classname="packTwo.Annot2"/>
  <testcase name="FlightBooking" time="0.002" classname="testngFiles.Annotations">
    <skipped/>
  </testcase> <!-- FlightBooking -->
  <testcase name="OpeningBrowser" time="0.001" classname="testngFiles.Annotations"/>
  <testcase name="FlightCancel" time="0.001" classname="packTwo.Annotations"/>
  <testcase name="OpeningBrowser" time="0.0" classname="packTwo.Annotations"/>
  <testcase name="FlightBooking" time="0.0" classname="packTwo.Annotations"/>
  <testcase name="OpeningBrowser" time="0.0" classname="testngFiles.DependenyAnnot"/>
  <testcase name="Timerelated" time="0.009" classname="testngFiles.DependenyAnnot"/>
  <testcase name="FlightBooking" time="0.001" classname="testngFiles.DependenyAnnot"/>
  <testcase name="OpeningBrowser" time="0.0" classname="packTwo.DependenyAnnot"/>
  <testcase name="Timerelated" time="0.001" classname="packTwo.DependenyAnnot"/>
  <testcase name="FlightBooking" time="0.001" classname="packTwo.DependenyAnnot"/>
</testsuite> <!-- Smoke Testcases -->
