<?xml version="1.0" encoding="UTF-8"?>
<!-- Generated by org.testng.reporters.JUnitXMLReporter -->
<testsuite hostname="DESKTOP-FI3IG5E" name="Default test" tests="3" failures="0" timestamp="5 Sep 2017 01:36:22 GMT" time="0.042" errors="0">
  <testcase name="FlightBooking" time="0.005" classname="Banking.AppTest"/>
  <testcase name="FlightCancel" time="0.002" classname="Banking.AppTest"/>
  <testcase name="OpeningBrowser" time="0.004" classname="Banking.AppTest"/>
</testsuite> <!-- Default test -->
