<?xml version="1.0" encoding="UTF-8"?>
<testsuite xmlns:xsi="http://www.w3.org/2001/XMLSchema-instance" xsi:noNamespaceSchemaLocation="https://maven.apache.org/surefire/maven-surefire-plugin/xsd/surefire-test-report.xsd" name="TestSuite" time="0.468" tests="13" errors="0" skipped="1" failures="0">
  <properties>
[...]
</properties>
  <testcase name="software" classname="testngFiles.Annot2" time="0.011"/>
  <testcase name="software" classname="packTwo.Annot2" time="0.004"/>
  <testcase name="FlightBooking" classname="testngFiles.Annotations" time="0">
    <skipped message="&#10;Parameter &apos;adminUserid&apos; is required by @Test on method FlightBooking but has not been marked @Optional or defined&#10;in C:\Santosh Java Programs\MavenProject\SeleniumTraining\DebitCards\testng.xml"/>
  </testcase>
  <testcase name="OpeningBrowser" classname="testngFiles.Annotations" time="0.001"/>
  <testcase name="FlightCancel" classname="packTwo.Annotations" time="0"/>
  <testcase name="OpeningBrowser" classname="packTwo.Annotations" time="0"/>
  <testcase name="FlightBooking" classname="packTwo.Annotations" time="0.001"/>
  <testcase name="OpeningBrowser" classname="testngFiles.DependenyAnnot" time="0"/>
  <testcase name="Timerelated" classname="testngFiles.DependenyAnnot" time="0"/>
  <testcase name="FlightBooking" classname="testngFiles.DependenyAnnot" time="0"/>
  <testcase name="OpeningBrowser" classname="packTwo.DependenyAnnot" time="0.001"/>
  <testcase name="Timerelated" classname="packTwo.DependenyAnnot" time="0"/>
  <testcase name="FlightBooking" classname="packTwo.DependenyAnnot" time="0.003"/>
</testsuite>