<?xml version="1.0" encoding="UTF-8"?>
<testng-results skipped="0" failed="1" total="13" passed="12">
  <reporter-output>
  </reporter-output>
  <suite name="Automatio Test" duration-ms="98" started-at="2017-09-05T01:48:11Z" finished-at="2017-09-05T01:48:12Z">
    <groups>
      <group name="Priority1">
        <method signature="Annotations.FlightBooking()[pri:0, instance:packTwo.Annotations@5e3a8624]" name="FlightBooking" class="packTwo.Annotations"/>
      </group> <!-- Priority1 -->
      <group name="Priority2">
        <method signature="Annotations.FlightCancel()[pri:0, instance:packTwo.Annotations@5e3a8624]" name="FlightCancel" class="packTwo.Annotations"/>
      </group> <!-- Priority2 -->
    </groups>
    <test name="Smoke Testcases" duration-ms="98" started-at="2017-09-05T01:48:11Z" finished-at="2017-09-05T01:48:12Z">
      <class name="testngFiles.Annotations">
        <test-method status="FAIL" signature="FlightBooking(java.lang.String)[pri:0, instance:testngFiles.Annotations@26653222]" name="FlightBooking" duration-ms="0" started-at="2017-09-04T21:48:12Z" finished-at="2017-09-04T21:48:12Z">
          <exception class="org.testng.TestNGException">
            <message>
              <![CDATA[
Parameter 'adminUserid' is required by @Test on method FlightBooking but has not been marked @Optional or defined
in C:\Santosh Java Programs\MavenProject\SeleniumTraining\DebitCards\testng.xml]]>
            </message>
            <full-stacktrace>
              <![CDATA[org.testng.TestNGException: 
Parameter 'adminUserid' is required by @Test on method FlightBooking but has not been marked @Optional or defined
in C:\Santosh Java Programs\MavenProject\SeleniumTraining\DebitCards\testng.xml
	at org.testng.internal.Parameters.createParameters(Parameters.java:155)
	at org.testng.internal.Parameters.createParameters(Parameters.java:355)
	at org.testng.internal.Parameters.handleParameters(Parameters.java:447)
	at org.testng.internal.Invoker.handleParameters(Invoker.java:1383)
	at org.testng.internal.Invoker.createParameters(Invoker.java:1075)
	at org.testng.internal.Invoker.invokeTestMethods(Invoker.java:1180)
	at org.testng.internal.TestMethodWorker.invokeTestMethods(TestMethodWorker.java:127)
	at org.testng.internal.TestMethodWorker.run(TestMethodWorker.java:111)
	at org.testng.TestRunner.privateRun(TestRunner.java:767)
	at org.testng.TestRunner.run(TestRunner.java:617)
	at org.testng.SuiteRunner.runTest(SuiteRunner.java:334)
	at org.testng.SuiteRunner.runSequentially(SuiteRunner.java:329)
	at org.testng.SuiteRunner.privateRun(SuiteRunner.java:291)
	at org.testng.SuiteRunner.run(SuiteRunner.java:240)
	at org.testng.SuiteRunnerWorker.runSuite(SuiteRunnerWorker.java:52)
	at org.testng.SuiteRunnerWorker.run(SuiteRunnerWorker.java:86)
	at org.testng.TestNG.runSuitesSequentially(TestNG.java:1198)
	at org.testng.TestNG.runSuitesLocally(TestNG.java:1123)
	at org.testng.TestNG.run(TestNG.java:1031)
	at org.testng.remote.AbstractRemoteTestNG.run(AbstractRemoteTestNG.java:132)
	at org.testng.remote.RemoteTestNG.initAndRun(RemoteTestNG.java:230)
	at org.testng.remote.RemoteTestNG.main(RemoteTestNG.java:76)
]]>
            </full-stacktrace>
          </exception> <!-- org.testng.TestNGException -->
          <reporter-output>
          </reporter-output>
        </test-method> <!-- FlightBooking -->
        <test-method status="PASS" signature="OpeningBrowser()[pri:0, instance:testngFiles.Annotations@26653222]" name="OpeningBrowser" duration-ms="1" started-at="2017-09-04T21:48:12Z" finished-at="2017-09-04T21:48:12Z">
          <reporter-output>
          </reporter-output>
        </test-method> <!-- OpeningBrowser -->
        <test-method status="PASS" signature="UseridGeneration()[pri:0, instance:testngFiles.Annotations@26653222]" name="UseridGeneration" is-config="true" duration-ms="0" started-at="2017-09-04T21:48:12Z" finished-at="2017-09-04T21:48:12Z">
          <reporter-output>
          </reporter-output>
        </test-method> <!-- UseridGeneration -->
        <test-method status="PASS" signature="Reportadding()[pri:0, instance:testngFiles.Annotations@26653222]" name="Reportadding" is-config="true" duration-ms="0" started-at="2017-09-04T21:48:12Z" finished-at="2017-09-04T21:48:12Z">
          <reporter-output>
          </reporter-output>
        </test-method> <!-- Reportadding -->
      </class> <!-- testngFiles.Annotations -->
      <class name="packTwo.Annot2">
        <test-method status="PASS" signature="installsoftware()[pri:0, instance:packTwo.Annot2@5c3bd550]" name="installsoftware" is-config="true" duration-ms="5" started-at="2017-09-04T21:48:11Z" finished-at="2017-09-04T21:48:11Z">
          <reporter-output>
          </reporter-output>
        </test-method> <!-- installsoftware -->
        <test-method status="PASS" signature="installsoftware()[pri:0, instance:testngFiles.Annot2@91161c7]" name="installsoftware" is-config="true" duration-ms="0" started-at="2017-09-04T21:48:11Z" finished-at="2017-09-04T21:48:11Z">
          <reporter-output>
          </reporter-output>
        </test-method> <!-- installsoftware -->
        <test-method status="PASS" signature="software()[pri:0, instance:packTwo.Annot2@5c3bd550]" name="software" duration-ms="2" started-at="2017-09-04T21:48:11Z" finished-at="2017-09-04T21:48:11Z">
          <reporter-output>
          </reporter-output>
        </test-method> <!-- software -->
        <test-method status="PASS" signature="deinstallsoftware()[pri:0, instance:packTwo.Annot2@5c3bd550]" name="deinstallsoftware" is-config="true" duration-ms="0" started-at="2017-09-04T21:48:12Z" finished-at="2017-09-04T21:48:12Z">
          <reporter-output>
          </reporter-output>
        </test-method> <!-- deinstallsoftware -->
        <test-method status="PASS" signature="deinstallsoftware()[pri:0, instance:testngFiles.Annot2@91161c7]" name="deinstallsoftware" is-config="true" duration-ms="0" started-at="2017-09-04T21:48:12Z" finished-at="2017-09-04T21:48:12Z">
          <reporter-output>
          </reporter-output>
        </test-method> <!-- deinstallsoftware -->
      </class> <!-- packTwo.Annot2 -->
      <class name="testngFiles.Annot2">
        <test-method status="PASS" signature="software()[pri:0, instance:testngFiles.Annot2@91161c7]" name="software" duration-ms="7" started-at="2017-09-04T21:48:11Z" finished-at="2017-09-04T21:48:11Z">
          <reporter-output>
          </reporter-output>
        </test-method> <!-- software -->
      </class> <!-- testngFiles.Annot2 -->
      <class name="packTwo.Annotations">
        <test-method status="PASS" signature="Cookies()[pri:0, instance:packTwo.Annotations@5e3a8624]" name="Cookies" is-config="true" duration-ms="0" started-at="2017-09-04T21:48:11Z" finished-at="2017-09-04T21:48:11Z">
          <reporter-output>
          </reporter-output>
        </test-method> <!-- Cookies -->
        <test-method status="PASS" signature="Cookies()[pri:0, instance:testngFiles.Annotations@26653222]" name="Cookies" is-config="true" duration-ms="0" started-at="2017-09-04T21:48:11Z" finished-at="2017-09-04T21:48:11Z">
          <reporter-output>
          </reporter-output>
        </test-method> <!-- Cookies -->
        <test-method status="PASS" signature="FlightCancel()[pri:0, instance:packTwo.Annotations@5e3a8624]" name="FlightCancel" duration-ms="1" started-at="2017-09-04T21:48:12Z" finished-at="2017-09-04T21:48:12Z">
          <reporter-output>
          </reporter-output>
        </test-method> <!-- FlightCancel -->
        <test-method status="PASS" signature="UseridGeneration()[pri:0, instance:packTwo.Annotations@5e3a8624]" name="UseridGeneration" is-config="true" duration-ms="0" started-at="2017-09-04T21:48:12Z" finished-at="2017-09-04T21:48:12Z">
          <reporter-output>
          </reporter-output>
        </test-method> <!-- UseridGeneration -->
        <test-method status="PASS" signature="Reportadding()[pri:0, instance:packTwo.Annotations@5e3a8624]" name="Reportadding" is-config="true" duration-ms="0" started-at="2017-09-04T21:48:12Z" finished-at="2017-09-04T21:48:12Z">
          <reporter-output>
          </reporter-output>
        </test-method> <!-- Reportadding -->
        <test-method status="PASS" signature="UseridGeneration()[pri:0, instance:packTwo.Annotations@5e3a8624]" name="UseridGeneration" is-config="true" duration-ms="0" started-at="2017-09-04T21:48:12Z" finished-at="2017-09-04T21:48:12Z">
          <reporter-output>
          </reporter-output>
        </test-method> <!-- UseridGeneration -->
        <test-method status="PASS" signature="OpeningBrowser()[pri:0, instance:packTwo.Annotations@5e3a8624]" name="OpeningBrowser" duration-ms="1" started-at="2017-09-04T21:48:12Z" finished-at="2017-09-04T21:48:12Z">
          <reporter-output>
          </reporter-output>
        </test-method> <!-- OpeningBrowser -->
        <test-method status="PASS" signature="Reportadding()[pri:0, instance:packTwo.Annotations@5e3a8624]" name="Reportadding" is-config="true" duration-ms="2" started-at="2017-09-04T21:48:12Z" finished-at="2017-09-04T21:48:12Z">
          <reporter-output>
          </reporter-output>
        </test-method> <!-- Reportadding -->
        <test-method status="PASS" signature="UseridGeneration()[pri:0, instance:packTwo.Annotations@5e3a8624]" name="UseridGeneration" is-config="true" duration-ms="1" started-at="2017-09-04T21:48:12Z" finished-at="2017-09-04T21:48:12Z">
          <reporter-output>
          </reporter-output>
        </test-method> <!-- UseridGeneration -->
        <test-method status="PASS" signature="FlightBooking()[pri:0, instance:packTwo.Annotations@5e3a8624]" name="FlightBooking" duration-ms="1" started-at="2017-09-04T21:48:12Z" finished-at="2017-09-04T21:48:12Z">
          <reporter-output>
          </reporter-output>
        </test-method> <!-- FlightBooking -->
        <test-method status="PASS" signature="Reportadding()[pri:0, instance:packTwo.Annotations@5e3a8624]" name="Reportadding" is-config="true" duration-ms="1" started-at="2017-09-04T21:48:12Z" finished-at="2017-09-04T21:48:12Z">
          <reporter-output>
          </reporter-output>
        </test-method> <!-- Reportadding -->
        <test-method status="PASS" signature="Cookiesclose()[pri:0, instance:testngFiles.Annotations@26653222]" name="Cookiesclose" is-config="true" duration-ms="1" started-at="2017-09-04T21:48:12Z" finished-at="2017-09-04T21:48:12Z">
          <reporter-output>
          </reporter-output>
        </test-method> <!-- Cookiesclose -->
        <test-method status="PASS" signature="Cookiesclose()[pri:0, instance:packTwo.Annotations@5e3a8624]" name="Cookiesclose" is-config="true" duration-ms="0" started-at="2017-09-04T21:48:12Z" finished-at="2017-09-04T21:48:12Z">
          <reporter-output>
          </reporter-output>
        </test-method> <!-- Cookiesclose -->
      </class> <!-- packTwo.Annotations -->
      <class name="testngFiles.DependenyAnnot">
        <test-method status="PASS" signature="OpeningBrowser()[pri:0, instance:testngFiles.DependenyAnnot@604ed9f0]" name="OpeningBrowser" duration-ms="1" started-at="2017-09-04T21:48:12Z" finished-at="2017-09-04T21:48:12Z">
          <reporter-output>
          </reporter-output>
        </test-method> <!-- OpeningBrowser -->
        <test-method status="PASS" signature="Timerelated()[pri:0, instance:testngFiles.DependenyAnnot@604ed9f0]" name="Timerelated" duration-ms="29" started-at="2017-09-04T21:48:12Z" finished-at="2017-09-04T21:48:12Z">
          <reporter-output>
          </reporter-output>
        </test-method> <!-- Timerelated -->
        <test-method status="PASS" signature="FlightBooking()[pri:0, instance:testngFiles.DependenyAnnot@604ed9f0]" name="FlightBooking" duration-ms="1" started-at="2017-09-04T21:48:12Z" depends-on-methods="testngFiles.DependenyAnnot.OpeningBrowser" finished-at="2017-09-04T21:48:12Z">
          <reporter-output>
          </reporter-output>
        </test-method> <!-- FlightBooking -->
      </class> <!-- testngFiles.DependenyAnnot -->
      <class name="packTwo.DependenyAnnot">
        <test-method status="PASS" signature="OpeningBrowser()[pri:0, instance:packTwo.DependenyAnnot@6a4f787b]" name="OpeningBrowser" duration-ms="1" started-at="2017-09-04T21:48:12Z" finished-at="2017-09-04T21:48:12Z">
          <reporter-output>
          </reporter-output>
        </test-method> <!-- OpeningBrowser -->
        <test-method status="PASS" signature="Timerelated()[pri:0, instance:packTwo.DependenyAnnot@6a4f787b]" name="Timerelated" duration-ms="3" started-at="2017-09-04T21:48:12Z" finished-at="2017-09-04T21:48:12Z">
          <reporter-output>
          </reporter-output>
        </test-method> <!-- Timerelated -->
        <test-method status="PASS" signature="FlightBooking()[pri:0, instance:packTwo.DependenyAnnot@6a4f787b]" name="FlightBooking" duration-ms="0" started-at="2017-09-04T21:48:12Z" depends-on-methods="packTwo.DependenyAnnot.OpeningBrowser" finished-at="2017-09-04T21:48:12Z">
          <reporter-output>
          </reporter-output>
        </test-method> <!-- FlightBooking -->
      </class> <!-- packTwo.DependenyAnnot -->
    </test> <!-- Smoke Testcases -->
  </suite> <!-- Automatio Test -->
</testng-results>
